.android/Flutter/build/intermediates/manifest_merge_blame_file/debug/manifest-merger-blame-debug-report.txt
1<?xml version="1.0" encoding="utf-8"?>
2<!-- Generated file. Do not edit. -->
3<manifest xmlns:android="http://schemas.android.com/apk/res/android"
4    xmlns:tools="http://schemas.android.com/tools"
5    package="com.example.flutterdemo"
6    android:versionCode="1"
7    android:versionName="1.0" >
8
9    <uses-sdk
10        android:minSdkVersion="16"
10-->src\main\AndroidManifest.xml
11        android:targetSdkVersion="28" />
11-->src\main\AndroidManifest.xml
12
13    <uses-permission android:name="android.permission.INTERNET" />
13-->src\main\AndroidManifest.xml:5:3-64
13-->src\main\AndroidManifest.xml:5:20-62
14
15    <application tools:node="merge" >
15-->src\main\AndroidManifest.xml:6:3-10:17
15-->src\main\AndroidManifest.xml:6:16-34
16        <meta-data
16-->src\main\AndroidManifest.xml:7:5-9:32
17            android:name="flutterProjectType"
17-->src\main\AndroidManifest.xml:8:7-40
18            android:value="module" />
18-->src\main\AndroidManifest.xml:9:7-29
19    </application>
20
21</manifest>